8310940
5593402
6084742
5780701
978469
8527084
5045515
7952746
3690979
5893995
1912657
2419057
4986908
411246
3149817
417542
7486694
188137
1375106
9170346
220668
2031246
1459144
7377531
2549355
1068731
413232
3168032
7024294
685685
4902431
2333794
1763507
53608
6980791
9172481
8214784
921840
1078965
3168441
7062750
33420
1289632
5008309
782648
927193
1418496
7550651
8895079
913091
149655
881954
1894405
141350
535552
6692905
6256908
8023088
3059762
4769224
1182933
2460199
6008717
3789769
4940342
6053445
1661817
4105658
8339141
1668246
149669
6105286
9221448
4398798
6719105
191123
8946588
5047888
3836821
3760326
6514849
10091635
5722726
3860996
3144497
444779
6425512
7014097
8291069
1756648
3768166
2278277
5557983
94654
8944708
8985973
6399997
570919
5537715
1410490
4208176
2048004
4023265
252796
1648545
6766995
1513354
4311610
9124561
8209545
1334652
1724696
6300939
2227540
6216855
5470278
242155
2545465
201768
4927829
3808129
9520392
3988357
6712176
2954518
6104924
5544289
6234871
3554682
3665217
196607
2494089
6319408
7627667
1036016
2422215
2573774
2112054
2647651
67364
6268944
7102712
299920
127403
3395678
5439708
1585606
3473784
8507928
4388439
522429
1041544
4730025
8801362
5365244
5966373
4264248
6007678
3263887
7483728
4617553
8559561
366798
4062746
840805
6357466
3846990
7430781
9401681
5804492
7038492
6228355
1922859
4136155
6755738
6517631
8150982
4720574
3401955
3317948
5866701
65165
4076840
1717058
723468
734085
3630901
4693329
1140678
7487275
294513
1682777
5565410
2096948
6546959
9604834
3853742
6473930
568841
7447289
6536362
975369
9242625
4918355
3058628
828812
8634886
6216399
4125514
9003005
8597807
6302715
1822427
6177507
1997684
6363913
125278
9774379
6610644
362492
4850912
2873697
1269178
3899906
28926
3355857
6031154
3054677
1495367
9155482
6776073
1083611
5066
2891775
3115163
9301310
5161961
2144937
4964585
8151320
4301798
7121326
6602477
8117652
6055111
8877766
9143744
2982552
1858948
3414837
164482
3320724
3064845
4258629
713729
7278152
3451629
3830233
9292532
954917
55036
8570684
621298
1081530
98216
6745219
599692
3713399
5013370
4034914
7753117
4391706
3809944
8031611
161265
1934130
4100414
4808913
4388819
2401129
7954084
6908096
16526
1315444
3086642
4020859
3672042
6338785
5502841
2399325
101017
9408268
711722
5515643
2787664
3325410
5100326
7093369
651693
1402895
1547736
433012
3866092
6216896
667606
62591
685487
2310609
633871
8294040
1150564
6710152
8895626
1936361
4361618
7313286
375773
3910782
2385834
4597987
7838051
405351
3306635
5366325
8647641
5141268
2944222
10877
727183
4033967
32594
7138939
446846
29280
2012408
5651161
5486848
2095654
8534942
809332
102415
6805146
9833531
8376382
9117767
1152153
4936857
5713808
2686901
5838085
2716326
9121020
4241531
1852751
5713967
2934656
6061431
8234594
6110093
5715622
4727412
3688588
10828
2513685
9492818
888195
915347
6421638
3405113
5926785
3914011
6560976
293120
3866247
6008107
175373
5638551
2065139
9996497
6847241
45061
4404766
4461841
1502063
3262199
418851
8416891
6167040
7759071
3172
9788794
5669334
4430418
2987871
635607
494425
8981346
159745
5946303
8077478
912878
7061114
4299333
1443018
8612739
7022965
3508741
652655
3439999
2232970
1536357
9680138
1206613
8469156
3840977
4237183
7907210
5822463
618863
5671866
7674503
5599167
803562
2139002
4658381
2907752
3434530
8548865
5788503
174553
229146
565352
3077224
2365465
3120694
2714304
4322778
510926
3553939
4634104
3345621
3809721
3009573
6074127
16899
9000358
2023307
2457094
2992978
4764251
3498378
6379650
3090028
7354659
499382
4133961
5989406
5888956
1458156
2298467
385588
8491452
134515
1013178
4526087
3601125
5544628
1685523
77257
5455696
6173906
4739653
7545341
3090983
1629142
1781059
526641
8019149
451715
455168
4009050
6709620
4563955
3230391
6121522
4335537
6343102
617625
986898
6060968
1027792
8477358
9101672
1689983
2002145
4734402
4653215
7432087
502922
111883
4779197
2502515
814799
3847809
7351330
6733129
3522082
7253192
3782086
5449901
4714955
4243679
5448105
2546534
6660791
1131300
8452796
2158709
3404759
4365427
1508327
523867
236032
9978868
6498998
8772548
6682147
3404937
8141810
1638144
4056239
3707464
6888501
2956538
9042982
2935518
8233220
6564089
7316175
2136262
5643611
816898
4131684
9957199
1370826
4424548
3983974
2605563
4439831
1404124
1915250
3819924
4597441
3233779
4797019
8529233
2892063
3429583
488378
3094679
1311941
366281
269574
420298
6324655
5023587
1569396
8746633
6489648
3754819
544323
5518834
4974835
244132
1708046
3111750
1279380
6150079
4978265
6186194
2026329
1166293
9810181
4946017
4008192
2824290
5209283
2140021
2601338
554610
5014931
8804489
3002553
3215386
151183
7173950
4259747
1598388
737676
8770699
6268782
3243113
6782900
1425435
6926007
5571914
2217016
2347907
9226599
5969035
3902908
7830783
1248726
4118709
7487552
2923444
3084797
8857676
6780850
415854
2035671
3065009
1814760
4983321
248944
8408265
7952948
6691888
10013017
5561135
3534284
2065834
848463
7789358
40748
194138
3905779
3242657
2132576
735086
4262158
6109582
2090125
5744278
6746264
3097603
6592396
8143132
1182075
4407666
893853
6126736
6312436
479028
5347528
9896298
867093
167384
4785031
5426431
2948754
149439
8127414
2126727
3919904
3656962
9138944
4909335
14025
5645592
8201380
7226248
1634690
2894376
1147730
6214033
6408085
5044815
5673984
2356738
1428656
282025
5961510
6294643
8505876
6727164
7413327
4765094
6831572
2038239
8507796
5164934
1618625
2277942
7813306
7279439
7543971
5538524
9275133
6616452
374678
8261987
1245160
54360
6775254
8849846
356651
4436291
6880735
7150582
2756607
4201704
104053
4693255
1007361
1316062
528049
1136154
6150400
4507075
6901319
4718838
1182154
8560756
6311713
3677303
1005196
6699429
5068420
795006
2989691
3801607
4956870
7418899
4927909
953490
7159202
9399378
1246634
8016986
2698982
4640712
1608388
1248499
8524049
9301898
5266191
3679993
6297916
6795409
2626982
530341
3116662
4339784
6565528
8406419
7810803
4956777
9014233
107012
5685314
4984958
8323377
6712395
7503209
9957726
5224371
4291665
5846869
4754266
4697886
6253560
8062643
2419260
10074714
633645
5332321
1490947
6260587
1088125
507722
1526064
113174
8993993
7479546
2130232
745586
5995107
840184
8477551
1867747
8246607
86243
8102087
4913019
225512
271904
1985814
2339003
9182959
8701449
917563
1737472
9435110
6275092
6055744
3092379
3504866
5615166
3727115
2591853
6801472
9065727
1976550
9225980
131344
2255434
900965
72096
10024974
9516112
213611
5471666
5925617
2826894
3818665
242751
417866
3090178
9375707
3622749
5034915
3673203
2623102
863814
7276699
2509551
1102879
1474182
5965976
2609259
3149160
4947137
1098360
6668314
6397512
6262100
112724
4696854
6707828
6178580
627563
5235004
38220
8110540
8878742
1447729
6849565
8862876
4736576
1153905
1164790
1018322
5435647
2798321
9130232
6643293
23396
6403587
2115252
6733155
5828638
879281
5092965
2192909
1503483
3231832
867801
341955
10102880
4581058
2845925
759544
2973953
1299504
897944
9467235
1749644
3325329
14327
1061624
5261717
4827711
7025271
249495
2360470
5887970
618100
3344126
25481
1681477
6006876
2389315
1046712
2814697
5295223
7365198
6753951
17988
1060133
3297828
3859246
4766389
689403
5635429
1309853
509815
4357742
2291317
4863959
393721
5218114
7307290
7392362
8981116
2350022
7727565
1336757
6035503
5000155
806026
5184519
2326342
6369196
178900
1393443
48818
1082620
4065372
3314467
247755
4334728
1927066
5585538
1055750
5562804
6002710
10066135
9077118
4527990
1995522
7163846
7176204
226940
6871373
5456631
1893830
2907118
7600296
5087780
4746642
5087542
1991649
124582
1989872
9348109
7872893
7009894
96781
6044391
4638991
4576253
9660432
5029985
7869251
8396196
625723
2459673
5553668
3593416
773085
1792947
2541654
3423090
7244772
9813227
6387717
8216600
7157320
168188
3555008
1883915
1678707
3800580
3054214
6739527
1852610
4650440
5107771
2635417
872822
384461
479225
2144906
511617
5574934
7336789
8876992
3386864
7129515
1459785
8130817
1528750
4751425
1336069
7820135
433967
6392865
812295
3864922
3016377
1923660
3820501
3888942
8297080
881621
8214807
5375688
4322530
6946070
5962420
501486
2098557
536638
3252727
4273
8570201
8339158
2228033
2802129
5867625
5612365
6126031
4291218
859429
4802121
1411048
5048014
1488404
57672
1691639
5585989
7909685
91289
570671
2823343
83025
8098725
3524021
1064120
1259374
6650736
8827958
1800884
4643579
2534878
3088603
4999063
4712248
6324846
3314341
7851809
271790
1534230
3523110
6221900
839567
1896246
959397
3231785
4481933
2474829
7552914
2209037
3099025
56738
24334
2035522
4737708
264191
2236319
6050514
8621036
5065588
3989429
7935469
9651655
6897966
6592566
3567866
3614439
600931
1054737
4140578
5148034
7751929
9938209
8567413
7615295
1970150
636616
3435941
866052
3540359
4351257
2469660
117983
8213995
3337662
2820629
3437723
4957454
5730665
5814583
2371649
7071092
9544494
3167133
754186
7875282
728076
1397707
96203
213733
5451669
5179472
1025266
4996956
142874
54052
1220816
5003231
1501383
4778471
3414020
9384554
4028100
6242741
5410045
440826
4081665
5025318
444432
4489556
3030884
17600
807019
236569
7407204
52760
8608679
485402
9714266
7863059
7466447
2030958
3387951
3636620
1802992
2615284
2731300
1208789
775680
504229
2120745
3476474
4021686
1878300
2077389
5651443
70246
4961804
9674039
780302
3529158
3335283
2859371
4289589
3216213
5425007
2585210
541757
1283045
6655690
4836016
2023780
5805089
960348
4963970
434732
2604617
8184260
226918
3365516
1073861
7492507
3595429
3630951
6833215
1549188
753553
5535872
8859237
778045
1264347
2376942
3121067
7214821
1240306
86060
4863740
3859964
3328918
8367607
1008450
7517117
8547982
2376658
5926573
2395620
7104504
5151380
7374861
8512741
7886361
2058553
4588688
9163989
6003572
7600445
9140073
3729159
22272
6835710
897588
208585
415457
3354710
1518739
8451513
625651
1807329
2679704
5312653
3066097
7625684
4413513
9600928
2686425
9754978
2259715
6972179
6633414
3972823
1143391
6512722
5196129
3461793
3323478
1528804
543965
4495812
1019659
318274
1192083
3730024
4213940
4530144
6712502
1561004
2579226
393489
5170798
36200
7439323
866206
465537
2279111
1265976
6201328
7822535
245520
5206966
4643780
7246620
3769398
6215646
770362
9443670
1689575
338429
5307333
7722065
8403410
6648375
3041368
3632743
5831143
5133909
390912
6494998
1163587
4204764
3688365
230893
8502030
285452
740847
532475
8391039
6660285
7356972
5910341
1407992
2764023
789797
5125014
557519
4133879
6943687
3315911
1308512
7323181
8303250
2992985
3103430
988384
6066872
2264239
5844512
423766
6733636
2927369
4689996
4855243
2020282
3602840
4100684
4798958
2914626
387089
4025562
4718634
4484168
3289668
3013425
3673837
3292190
3693259
1530160
3021883
1052092
5870308
6121556
4780710
7951473
4364609
4438699
9460776
1529499
8927085
1768212
1643787
2774179
6282632
7690723
352004
6533232
1477572
234795
5915740
7764306
4202760
1568554
2709523
6821421
4279503
3846200
2659876
2116914
8765605
2600944
116351
1616808
7424231
5182223
5148840
2733004
7474417
1392820
7099099
1650441
1174175
1014299
6071847
5925642
4925148
508437
4565439
7545479
6463761
4493749
902644
3730962
3168420
6753341
2207319
2035703
7636983
5732606
21290
5358990
154437
3540271
393672
2305135
5206373
7726475
8626431
1695633
5552920
78017
9674732
3414208
6088820
5220659
9109146
1008964
6597126
4661172
9455916
6499243
608618
7809665
4623229
6997819
2640027
9233780
6057252
7490326
62478
2971200
1719422
9657197
1741842
9435616
6494825
2451461
1188651
2725095
3578619
8221856
6015479
1064605
678619
7326637
6802556
9043223
2036891
1071585
2481210
4402667
1696628
4677762
1049571
3643379
1310201
268320
2370455
442015
1561562
4360238
5536654
3312918
1711853
623804
4555865
3571586
4269419
9007279
8354330
6232428
994089
8517178
6995845
6156952
7503334
824926
9284932
9307831
4533116
581523
2006587
142609
3553556
562190
3447355
856445
6140880
4778804
1446441
7058271
4260341
6992
2790527
5342247
1282877
448585
888842
3205728
930999
6797266
343481
1665187
2611996
5165537
6117286
2569559
2038461
2478057
231923
1251276
7075685
8708467
6383314
3461893
3649834
483103
5071626
2241371
7876706
7979858
1557589
3357587
7093418
6870565
2276870
428938
3622461
4404691
6036655
3837466
3843956
1063121
7947052
5107027
2426086
6907036
1694146
5556085
4744666
1868976
3695946
3641315
1052438
6743991
6577937
1636620
3072212
6001995
6913519
42526
3799231
168568
7721225
10090936
9234199
288695
4866840
3117724
380792
8935
9885184
235555
518432
3544600
438387
1786737
3834260
3485105
8984074
1796885
5245151
6390182
66767
78709
2500498
293364
5647437
7612261
4331039
5564819
5598880
8523673
983579
3722951
2499122
9617073
936313
5675084
3888503
8497819
3648768
4923395
4851623
2069096
9528505
1008068
8018446
9112149
8577082
8827230
2545879
1120885
8689836
5399351
1091671
292298
1099490
4109315
1149609
8106930
7117108
1770226
3837134
1198809
8550623
9661521
24391
4741559
1665484
242740
4912068
7378052
1116756
5632443
5979108
5918866
1318330
2876757
8387264
5033463
7296798
2486003
5385563
4058207
4274122
965398
1264841
4242060
7985421
5376445
4034011
1230836
4635321
3047184
1903147
529368
977725
6953290
798604
1766321
9643739
2358611
514951
4419181
2711266
2109065
2496482
2077420
295431
4144288
786290
8993736
6591166
3886065
8615609
7893628
1003698
2115577
1218980
219258
3806597
1028783
5419645
9289091
2120767
5265362
3219984
4461410
6620422
790319
9180611
4438046
6967677
6661676
4265727
7122609
3700033
5752967
6369987
428953
538718
1273966
7227757
9206785
3583084
3902032
9240635
3792712
2046836
1701830
1443084
4207470
4748116
367942
7221230
7563179
7242988
755086
5403180
7942502
2434392
3698527
7666721
7364322
3385677
2554099
6856581
3985215
7537011
822218
3857058
10305366
7624508
1121250
2895317
436995
3572428
7870909
9340632
3288606
6104148
7215939
876328
41016
2394983
4032458
7865442
6476437
3757961
3827238
3040752
5975877
643999
3492246
9540583
4581296
4799345
748618
430773
1269255
2540441
4549527
676903
7703996
3724056
2360766
3548983
1546932
8864630
4716553
6589566
730579
9898944
2602301
8156474
2860524
6274190
5480474
1311710
225364
2235419
6591725
7240756
596527
2012641
5273956
3285390
3333714
464950
3858930
146107
5498983
1572489
570279
1969014
7933351
8242792
4565198
356253
7282946
905628
104379
4283774
1268191
2521018
79317
9717369
7020085
5058475
4305367
7468968
7343645
756960
7303476
833802
6068421
1806405
961070
513089
62299
3008709
7155469
639259
3364372
3829752
10003069
7150489
5338251
619764
626296
2201686
791475
4726934
5555501
2655874
8111891
2264354
7084030
8682775
101572
5436994
357825
8796431
5732748
9023377
9849572
8622477
2065407
1144747
1581995
4090385
7077692
8964027
2065120
6601106
1577099
5819734
2330299
8092747
5169235
2311574
1389670
8285855
1851206
122199
2773739
2246062
6861413
8375845
4359741
1892431
9142441
7507237
7210791
2064412
55377
5920323
552169
2310179
339988
333799
334733
4781922
3306086
6952469
3849556
742034
1269047
7840690
2011228
7456566
7015208
4261406
2421861
3350455
2256433
4825007
8880239
952539
3257674
9765067
1690745
6456558
2636042
1504757
3688456
7836230
6233319
1511555
7329364
8711522
3190730
1411854
2286311
7990213
1678270
7462757
3434235
1040681
1343554
8495419
3879289
802046
4247226
1067315
448398
2869189
4379921
5702309
6110768
601757
4937674
828574
2058579
7959010
9107128
347085
3139472
927762
1342026
685196
7433794
2578988
5641797
51138
2127552
8457082
2265876
1206022
2474649
1499673
8114046
5092063
2206890
3225067
1056238
947864
3222657
8143608
1124740
145319
2741693
1152459
3486084
6382769
808797
1317053
7923769
363857
8544252
785405
4649503
3284743
20376
8244965
4592140
6799798
9290712
7286538
5528836
8410701
88102
7954489
4327305
9700333
8908743
7747533
3567597
4902030
3517506
7204989
6748232
2539843
2297338
2050352
5252892
6384552
1947183
584666
8353160
122908
3951429
3294650
3457446
392839
4473371
3870554
1237805
8404672
5031609
3338597
7258289
2909167
9146831
1756971
7504981
5470711
491163
6549861
1395215
2839864
8594950
8052903
8999855
683532
8850707
156159
7724804
6135799
8744397
967529
4211464
866195
4896850
2743342
468528
8677615
3453181
4140071
4887300
7996541
7864118
652841
6398295
310144
400809
2378183
8628964
133188
3066554
2928774
6731188
293132
6960666
7808563
7578157
175031
7574427
4865554
3281811
136570
8956697
3395538
3411650
8858636
4673229
416209
5278905
5678266
2337247
1779260
631372
5244924
4808317
32456
1973772
4716828
759405
8418698
7673523
7512124
2340128
3921146
2538803
9033380
1408461
6472782
3413400
152638
1021671
7439259
3692179
3650953
1367451
5588416
4613337
7447585
5964110
10050192
2842193
503177
2330853
4932687
106410
1987504
9550199
603657
5420551
4354981
7350626
6684418
5791748
682256
3324697
3539611
9800546
3581246
1902913
674613
1087094
3458937
4330138
8851005
800315
2747206
2365896
1408977
5229318
10240265
2068767
1013530
9824652
6128392
3941463
6270203
6359176
49129
8318143
5736784
2951967
8281005
7175284
1579192
5299703
8293285
2459802
1030516
7618631
4497224
3801557
4883316
1339922
8300831
133778
2986968
2676928
1665463
9969180
7244359
943547
2391012
195849
3119293
1120726
7823854
94078
463917
6582431
1729340
589298
7875766
6897064
8911512
1138686
2704932
2592101
4834202
431372
350176
3021952
314393
5189818
6950596
4960416
3874887
2962231
3858268
6333735
7824630
2374495
2886590
4363039
7941004
2925434
6081625
1788810
7932910
6019251
8344972
3022762
1305035
5691937
2923764
1587300
8573126
2799276
10203531
7832713
10136945
4532166
6670226
29567
4596735
4165740
8344931
54470
474422
4753294
9188603
3234396
1247652
9322197
2196376
3733811
2239564
9626294
4303865
7800283
134079
4000554
7044886
1081775
1138341
2165098
6890750
3427735
942833
6183346
3659208
807635
8466831
1601831
6198871
4716042
730630
5917331
9978184
1430887
409184
8128810
5637629
42466
2309806
8861216
7932798
5480142
6139891
918943
4658051
2902670
9454470
3211800
1419136
9302060
8948445
866090
5743623
8925479
6643852
4355986
8974
5048462
1172004
446851
34434
5295775
5461596
128779
5540820
9925649
3115631
3754084
2650839
4128950
630543
1956887
8692495
3914577
8736601
1367887
8518117
1220063
1848423
6265097
5566888
6413513
4195834
46313
6135158
3474179
861498
4575504
1521299
849843
624683
9056619
7576569
3504153
370907
10141625
5589005
2761025
8989388
422212
5864462
8238639
2944218
3687783
4377414
4173846
1294764
3297845
2665838
5020548
9687577
976078
101267
7353586
8658313
8104258
7397874
1170741
549305
6556993
5008970
25565
5741302
2457872
7892179
782866
157312
1762339
2046579
106154
8369714
204788
8366648
1387603
3322855
3267018
2775109
2981813
3719157
8051905
3365564
5164630
593287
7312528
259584
2041447
6694636
6917686
2846266
3196837
3790440
4196136
1592375
9082081
6306082
3078559
228164
8111537
3979399
1572983
6536310
6829480
1545514
339232
4679545
9968558
572111
10085691
8312968
1314111
9716455
8536614
3038396
2450119
5980007
1690434
7314986
4017677
2593964
4850678
4045603
1826435
62047
4863771
57409
383250
261046
1915214
1462389
8749629
5893908
5490473
5493606
3847903
1504757
6940424
8091075
3954432
2630458
6775420
1724446
192254
2491874
9142718
3330214
6544954
9770803
7885793
5201839
8502552
5144412
9812312
962509
5977000
3650289
4242531
6755769
6761908
7977182
6580507
6201
7112217
4619357
8106649
6287522
3114602
8826363
610032
3765526
3582267
6000806
68736
4925814
345505
1478446
2984049
6200576
1718616
9161966
4133517
10188427
15905
1346211
12687
2337620
669414
2317742
9267995
197621
3264225
2533059
149296
4149550
9639718
1847915
9168154
2040810
2922266
3035732
4268494
6252362
487264
6476702
1137317
7823677
2870510
308249
379435
230638
7264374
3858161
3370424
7427239
3849531
5154262
2795041
5178697
3075844
5851965
4506891
5805450
2117198
5434450
7955299
2386224
906929
3539178
5154933
6248084
4498595
2268724
6051377
1542071
7247020
6678797
13276
6403520
9232840
5919646
2986208
5240808
3394992
6047878
9224409
3110205
4412454
3978575
5273733
8409708
1329950
1463836
8605089
144072
4702022
558363
334597
1450251
7761514
7279462
1975785
5944350
422267
1870623
5346397
656070
61962
596131
4132205
209529
18647
1988140
8694851
7471730
114232
3219429
8651395
3143124
7791962
2988097
4785250
3962418
2309876
1044702
680540
7259928
5194766
5042393
7868488
1613921
1307701
4985393
5407860
5941218
2303956
6012973
6400782
5503418
8056432
3363049
3225271
5301078
4208580
4479451
133095
1760263
9909161
3746343
4461866
4080534
6552360
860426
9653293
9945955
3905113
9803766
4904846
643684
8968701
2265194
7429580
9117769
7423518
7824297
8470880
7710021
649497
7511419
2909920
4585179
333833
2790334
3779949
4221804
1558222
3682255
1714542
304626
738984
4617297
8590759
713796
640785
3941748
1670968
7064205
664819
1652738
287146
1289386
7861669
700094
4893471
550788
1532467
5683394
6273097
5748960
7819635
2684147
2955418
247089
22383
7610660
4543754
4495842
7406347
2355454
9314434
3754044
4530640
5736673
9495995
234243
6826910
2247600
643138
5197179
8717600
1077690
7514986
3642305
7030665
9445683
8612288
5426823
7004896
116242
58062
2906644
536487
9411686
4825635
4618861
8167693
6944421
2487642
1701965
1994810
2435282
5692374
8911512
4236381
389057
6676483
6319079
7604017
203334
3691711
3588250
9647422
299087
9440474
2626066
7180228
416217
4889234
4361943
4424515
7258591
1859443
6682662
4293453
2570363
5256106
351577
3070887
5385313
1168593
5836023
8303114
2416093
1903627
857227
2742752
2713638
4952211
4255129
3583827
8774981
5705561
3871037
1293492
8789678
6021527
4083564
2079647
51317
3063821
372853
3986444
2167857
2547664
371913
9050058
3797015
8831146
3067373
3481547
4394835
3441757
1310829
7128489
2811533
2919925
2123483
2263969
8094329
7974904
10302414
7604735
6296340
543520
3446836
2474885
2560869
8683168
9775362
7258243
2009381
9170830
5701791
1515538
4390329
318194
4555190
8276940
3995323
7977720
411692
7339721
4116972
283193
165835
3952528
5430268
7193965
10096981
1364660
2148083
3565303
1200981
4224162
3336468
3794070
2876686
4267889
770036
3382004
1583655
5672718
1930064
7468989
4423493
3522613
557475
6301419
6677449
3076998
6492479
5448034
2748951
7314349
2090129
8371748
5188675
1115079
1020079
9188645
2035189
7428382
4527585
5610376
10020570
3952101
1689259
6038833
3982868
2720711
40644
8553982
4182415
5563585
3501149
644869
4355620
1394132
8565452
822181
5844180
475790
1668922
873866
1491523
3783860
60197
8463404
2703453
6580278
6258123
3092550
2187506
6741155
398661
319672
580807
649433
9626742
4170788
3206854
2130386
6710392
1380705
3513518
9923375
2506612
1735620
1501164
114687
5625898
3200056
6329174
2095273
9852829
2123682
5538277
670731
4595464
5113563
10142326
7435634
377863
1975286
7213939
9904265
3446924
6389086
6924405
9388027
6059067
1929088
2093084
9763548
2459681
1171786
225561
4946490
1039009
5787191
7195729
8681923
4825872
3959253
336958
5769804
1276306
9235694
4248388
4072781
3622436
7814552
9820298
1250
518172
2930986
4767299
348256
8064312
2041511
5214850
4558169
619683
881473
3023751
2147615
8491002
200841
7034180
1742610
1780105
3590762
697319
2169217
8702575
52514
386525
5529051
2680606
80665
1064737
2905649
2947834
9003168
5932605
5306781
1637675
362467
9127391
8364282
7793310
44281
1395041
200897
1801883
467272
4105143
48328
6741177
2769915
363404
5566719
381642
9415338
5315205
3366538
2688090
1262415
3305618
4329967
1350724
8260750
863126
6612006
4494658
3751708
2757883
2601248
95616
9532517
7476600
189575
6432423
977461
4349800
5382574
1146876
2545738
3302751
6885428
1926611
1465934
7597760
1895689
285904
799881
1013328
9334814
9070445
9013133
6750513
1665119
6407953
3345700
2117291
4887727
7642506
9436475
7380705
1012912
5169522
4739818
414442
3758702
249958
2768715
6047419
3312845
7371053
3036323
9365425
1015574
804940
5590547
2942865
1216333
945701
4371439
7533686
5366883
81075
3131365
7709553
7701180
2684420
1042552
5220026
8795615
749321
4585520
2026819
794610
7850756
2397941
2506134
102597
4615458
6397505
2040411
191097
146551
1277097
8597580
3258904
8168785
6358493
752779
2893946
9299525
988616
101797
7344899
6833918
5445684
5659964
1244004
8782841
4051567
8697019
8418869
5560965
4299034
7707944
203389
6313381
3826267
2541604
491268
7231184
2816395
7193876
202310
2691482
6783980
3076826
3769651
2444934
4362043
187670
7824045
3657872
2206820
6235902
7082518
491061
7578984
9244342
5597092
1062261
3000779
3044806
3521604
609106
7647568
903092
4731396
8440
1311998
4612940
7157860
4148977
2378981
492307
1969534
6700507
7199138
8381352
3905713
2103362
1729102
2134199
229952
1431998
7454711
7480851
8382077
4668570
4256352
3398993
7863611
438958
851324
7337655
7836313
7406804
1905359
1169513
3624988
645965
5905891
876462
8318912
59260
1397627
6286011
1245462
10006635
8038623
1562549
5046857
280424
736086
870024
845232
6609343
4462784
1206266
4196696
8589546
6793330
7362804
5043671
4983313
5045064
4100643
29944
2347325
7258943
1171323
764814
2925062
4958790
10161527
3274855
2681440
2181217
554054
4561509
1271002
34077
5316876
1047474
5952675
5724832
1948542
3410208
4915135
709226
4503276
3128359
7809386
792883
7020949
487089
440589
4241407
1430716
2912769
577354
3984483
2978514
7350307
8107768
4511622
7667913
5152316
171387
5002849
2202097
1674205
1788185
2764175
9272861
1260357
2145580
2680296
756098
4616558
4119745
405881
3520123
7639014
4727321
186084
7538113
8555345
7566881
8883731
2236493
1098388
576985
1982630
9071369
4222076
2106587
1474606
1365322
2029691
7037600
3662916
4891231
4631401
3613034
832633
5827802
2440533
4973120
2374194
4104619
4664429
713881
5006678
1138430
611785
2930495
289888
1720613
1842891
9769824
3281689
2010054
126564
979275
109231
1552877
514251
9590123
612507
4085624
2495539
6987863
4569831
4422292
4998681
1325539
3961000
3914502
1742021
5209062
748983
1481859
6509732
5160675
1581388
6302390
2527595
3636433
3561522
1475268
5489390
4447035
5338520
4826696
3056855
6235172
2069688
7170128
3039679
2826136
1805196
5431403
745862
2278221
6511101
7202092
1197342
4593372
7572233
5715904
1864056
1810305
2488389
2599707
1276348
2904271
6408856
363072
1785096
2868076
3903164
3122934
291513
5755013
89453
4200635
4702970
6392832
284135
1348625
1147173
3122677
2927444
1960195
6110610
1307685
2604434
420918
8372252
5570314
6399772
5487801
5341018
1140584
8288303
4453974
8218709
2198625
441163
2923065
1322912
7832266
9572972
1070797
8278390
7534067
6415105
3825968
5768282
5897297
1634461
3743372
218570
8138881
4951601
2231366
6523392
4998248
8147971
1409883
5619852
4738282
3044032
8037421
6297474
8304469
2125966
9981945
4352790
8758115
7236459
2177568
6314617
8929923
8230582
6064811
4225100
1829114
1851565
3138703
8721282
6056904
73545
1650125
6574522
7565165
4983034
2437368
4580420
2698769
2161342
671116
1782104
539469
7563271
2284945
5809922
7933424
1075579
6838561
2973480
2052754
7079988
8469127
4645283
191193
9996506
1420643
8159059
1559107
2035373
8773765
4178309
1157086
1423727
7998462
1355490
7953452
791304
6475467
544733
2909959
3320984
4250366
930591
715359
2489732
857539
2874482
1628191
3707738
1068473
202424
6870148
78442
3142921
193935
2974210
5141359
9907375
4818483
8122593
4446480
4658
5489727
7263039
5957609
2435426
2447504
4449397
3986834
1902656
5647342
1452381
1975200
5072858
3108720
7052251
138536
9375563
375507
4697979
1049088
6669956
1562069
5238764
2979921
720230
1126975
7593463
7502459
7843887
2156557
2166834
4930488
7856167
3230352
7915123
6309367
3217268
4590074
9500593
6036789
966899
497089
5172575
6538896
1891321
348631
5965083
3508761
3964677
2379656
1840391
1769453
4160107
4675067
8973150
2314214
869668
1750909
6353172
6998222
1736410
1743439
1063358
2997719
1400356
7614855
6607636
239586
5553184
2876405
4834024
418171
706877
3386577
1170915
3342320
2701491
6932990
7020977
9008342
2178216
7411811
8303430
957445
3067792
4570288
2311030
9065726
2720896
1367977
33314
751369
1020833
4128626
4401181
4448913
6933328
4906938
88607
3782303
7846076
7219906
6180607
3823882
9772850
6187342
3733252
4536662
2418899
398424
3721507
1966818
7415703
1926405
2533448
36537
3185965
5588723
5086296
9332805
6812993
180591
870598
447255
408186
9196759
4754169
4807000
3565703
1024585
7664401
641812
7043970
6499548
3505277
1510395
1813574
650034
1860819
6949374
4470350
9879468
1072089
6195563
7696796
1281352
1351105
343653
2567821
548271
1408169
1995646
2041950
3236362
43597
6733111
5840671
5862200
1400880
7251908
3228289
2452186
10025110
8643070
1234590
6971413
3835825
8052177
8630514
4217515
6350520
6828360
4488236
753279
6298819
2354376
510655
335344
8844240
2438487
469632
6128289
6224231
1631586
230622
7390678
230113
771298
3021419
2788772
3534404
3907501
1779102
470013
2838551
5251005
3072120
295874
4691021
4316815
9672522
6178305
7777956
596589
4678562
6981868
902646
7458564
5447841
7039174
766816
4438443
5778053
2748010
2387695
1794938
2476010
2155778
2271813
5923981
3105230
223789
4155313
6860836
6795722
5997881
2733321
268897
9324963
4492587
606284
2526540
5166247
5945710
1170404
155836
3402643
5586521
329765
7927487
6637954
6778357
9638037
2616591
1636366
9154300
7031939
9865008
974305
2653535
5792819
7307132
5788785
9797719
692402
5734059
3855928
2091613
1322554
4768897
6571654
1945727
125620
6319611
6565143
1032770
1325939
5362513
7981022
9311146
2097869
1266356
3599889
2217661
1391446
4192934
4259941
1540480
5448
1116412
10179692
5850762
6967502
7705208
4988759
3213839
4421035
5068834
2746853
6705292
7140752
5684974
7696838
5005501
103177
4610794
7737910
617006
1918479
6909954
9491591
2092539
2296395
6385752
2556234
6854589
219392
2112047
1639096
6847351
6819626
4317337
5499865
7379616
1991446
419740
2078447
671211
121520
1597050
1523948
2016729
6625203
3789345
1709656
2428750
1737483
3573476
5945460
2277443
2906303
2206823
1696628
5388311
2752830
3179242
5916171
6541189
5464097
3124391
3029038
5740353
6424066
7860197
2094269
815012
2609039
4260101
4547749
1269937
5270864
4295137
3442032
1234144
1002915
378279
3535094
788350
4293883
108841
3700481
2524693
2519577
5259145
2765265
8998373
214269
3647686
4975236
2418395
3921205
1756929
3823014
112448
533739
3005743
7922013
9768088
7669803
9875588
8202540
6226574
365850
9565490
8049775
6506645
53276
3453065
2001333
14922
9502712
3977574
5862878
1855006
479525
848711
3922457
8943776
8325674
7345733
210072
7409021
8051569
6151014
8235540
2321802
1107731
4569827
9545278
2115557
1411931
4554352
5926131
1529932
6195793
9897957
6676773
5413055
2924690
2305723
1285826
25513
84111
7140005
6377442
467338
2421079
2844101
3174596
3064757
5411356
5445367
2351724
6418301
275418
1405373
2462384
3820504
3727998
9925702
4532841
9386518
7078090
1706744
255189
7251394
3092585
6660926
5368543
4050718
4050025
4109166
4522042
1721093
3723944
1287972
539404
3156261
8902962
2174874
4213712
9240479
664791
5088782
8871529
52747
2638963
187882
7950668
2002485
2866045
4814924
473325
4340899
159076
8541895
1024974
275234
368278
480336
7096379
5066874
4444751
3887975
8774705
7125897
8521527
1877919
5687304
1240229
4439870
7506806
5586943
1884045
1249890
8048520
5703115
613822
6157216
8839101
9286253
857899
4231036
5281575
3369360
320735
2218126
7140509
7133008
1261501
6475773
2007734
5541135
6594169
4320257
6778828
1840206
5199664
53749
6798915
215183
31649
7075634
6878969
2348292
6772904
1669666
5985678
9707707
2582035
1443284
1729929
5909173
7910519
4059723
3130929
8554443
8955102
5449915
7740545
7169458
6190383
6835378
1516712
7631125
5874031
3732373
2967220
7204238
3642863
8635335
5180983
1134267
2729641
2056618
1308678
8215227
38707
3201568
7820731
261003
917121
1518944
4482943
1226150
5658542
8250806
2437505
3023477
5011817
1189735
562887
8526041
2914036
4044152
3039744
3257260
2207811
1357956
3328278
6282104
3477488
4841478
272925
788720
10325
5952632
5312718
2589785
3161937
5749596
1434429
5992336
2634541
5581231
2676383
10381181
9450982
8018232
8740998
7329181
8042745
6254013
9507266
620879
3582989
2815465
4828323
3772674
7820370
7316839
2635822
2532062
6516751
6677546
8000748
1930324
2439481
5848276
223205
2664453
9938183
5179044
9005422
8291469
7766813
5102623
1602269
2809808
717049
2224972
865785
3529561
601864
4836954
586439
1184639
2884020
1974192
485150
5812068
7509850
3361287
5139183
723524
7884561
6432807
1674223
5550278
5280877
3471117
4776440
1183046
826600
6866857
781205
1019480
9187635
2855874
116985
3308440
9910068
9212763
1348726
532645
3100242
9129927
5164388
3992534
9671284
6278091
6789765
1028002
7685074
7734627
5758674
6585671
261230
2608409
6226487
934238
6916750
3004329
896849
846382
7476116
9861404
719831
1201573
1080210
5566932
9133352
12180
313242
5688462
3073206
4164028
2127026
6444026
626929
4288586
6749638
969363
5435027
2348264
5279894
7310169
7132613
8679901
843375
1160007
7070209
312420
8478677
9164645
8624533
8795704
8716537
9794143
8024870
3882516
5804650
4042208
7223781
27061
1205311
9743645
3139306
4435473
2143334
1500534
1402596
1586144
5061049
6662409
6206031
1931765
2345707
9159582
1980171
9737844
8095328
6860401
1397791
6435431
2616222
7712886
5066303
4110678
3832655
4562494
665842
7424543
5943793
1963970
1824707
289537
7357502
3245415
6242544
1014698
6436738
451555
954525
9550934
29787
1676765
2748627
7245413
6436768
4006505
3887964
778556
5959286
174318
4757534
7940467
213115
313128
3445720
4715845
5606340
7446679
6815506
4623689
9761031
2512952
5656988
1077085
9875095
6899337
7419539
6482427
9258743
4680206
61549
718271
198169
8547096
2595004
305140
6727958
1050830
6712779
9027143
6833742
5720003
5630055
365304
2331931
5065951
1259231
1866874
1987620
251824
3386010
4400294
4629593
8377300
5181043
44176
3817397
6654372
3071084
7900458
6589950
1085985
8131874
2964630
3550211
6007592
4953112
379952
9119910
1043294
792050
5621632
4865221
2966188
6620191
6262629
1590135
8863033
3792869
9775120
7225831
5425789
5082593
1727947
2359393
3233566
9114860
2762242
2897438
7467153
8177638
8066066
464091
584358
7000794
5058667
358815
688588
2697596
3542824
6811530
9043394
3011853
6841689
2657310
850821
1718872
8168446
2249311
5701354
8850549
944383
8471005
7578322
1363833
3910675
6043358
5483519
3699325
2727109
6443743
568881
748956
1615798
5694308
6710558
103710
4931439
9240646
8210262
2093217
2160969
1038626
905317
2080365
250199
2170674
6970304
613029
8019654
1397579
5843506
9920064
8054391
4877576
7525122
5018239
7499185
1386305
7329405
651759
4935523
2983043
2793855
6247024
6329855
5073073
444297
1572949
1002694
7627809
5381366
9868741
8270199
9538284
4722138
108197
9330287
7971992
420873
4044342
4128393
4482691
7865883
7890213
282573
5614907
593459
1586078
5635882
8082368
5912178
6402612
840563
5653261
2655814
8990148
7193569
6882865
4412390
3510524
8082595
3345634
4718637
154199
8562819
5108760
1537228
586132
1338104
1851439
5604683
5805060
2668388
2770233
5773870
108289
7353233
1376926
4702907
9371096
5810860
3562340
64862
1961289
1944492
2338352
816030
3147425
8530047
2236314
4178210
1093343
3859467
1861331
6027147
6910140
5767502
1151145
3528577
4986334
3409719
2855295
5572304
777307
2191416
8070044
7204743
8316873
2013379
225647
1820555
4325587
4028356
2026924
8456315
1428338
7384830
725320
5763520
2649736
775266
21865
5796918
3187656
3861585
148969
6845555
2621694
4237153
2745407
1252379
7396347
5819430
167973
4119335
9353701
6951040
2033886
6461863
9073469
5337700
536222
4041888
1921042
8319905
9699794
5368973
2408229
3820974
1759758
6438509
493774
3102749
535865
5561141
2276686
946101
609977
1329912
2895668
9824331
6347797
276588
7771015
804390
1596737
1214113
1465270
7036973
3705798
4442988
5415973
1912700
5520799
7815775
7227197
7559020
9944680
156030
152927
5328547
6487160
8972601
4007791
4330323
2103027
816488
1078081
4725211
2627633
6619812
8462555
3445417
6069151
8185263
1264255
925900
6336920
1311820
408443
1897470
4784521
462434
3611566
1693143
8515124
3183191
9354400
1733559
8706251
1487550
84518
8671530
2382003
151504
647064
5783933
593695
5820934
7335595
6943012
4911217
3022476
6008164
3373709
528160
7396374
1083115
2314050
1772084
2500710
3465957
2580545
8815242
4696734
3766157
9721067
3208655
786660
9520652
6043320
271511
1464514
1656400
3781230
8618726
134280
2179897
8001526
7493608
4978791
249769
3402884
89706
1245945
6174724
7654887
6728914
4689654
6869020
4880684
6267203
171394
1828351
8917236
8128173
3732139
219240
2251935
5724626
4058690
5622896
1321257
7832279
9551848
48716
5197646
726950
7219442
7477125
7425675
2373150
5360264
5365284
5405877
2385033
6017893
1415022
7931909
4572967
497036
418868
2313157
1309728
5158120
1595266
6087121
1088593
79138
1134967
6172581
8275093
317837
9267052
2269827
71896
4844146
8059861
1056802
8539642
3083659
8515313
3488367
2411789
7656858
8075777
7982161
46816
1135562
2199122
3803446
4097497
315659
5075291
1024042
771369
7507061
8170283
46119
9977583
5589378
9213598
3869608
5860037
693216
1718106
660415
8827655
5098874
8340661
5724454
6938782
1391348
7095289
1583342
7239006
9485291
80625
7687587
2392258
3654083
850162
10116168
1319265
7575929
1342341
1103955
8834116
4437332
5087965
5240188
7800845
3256045
2847461
5678137
538330
2265142
597899
6698824
3616650
4659227
177056
1067606
8384
1010221
3478694
2842710
3367171
9884315
6404898
8357997
2030563
7858598
3444952
2994031
1018350
2969176
1625485
5728288
397067
4322651
5093490
6377565
10108887
1235179
981476
1912316
8981629
6911958
7836709
2991072
1980289
6804064
1990862
3256896
5208403
6506630
98590
6155650
1671128
4590824
5440286
3241001
1589926
8736734
1546677
7952133
8555076
7571845
6827640
1240321
1575455
6774142
9514154
754111
709089
4496741
1385885
385224
186837
3482127
2359478
9099098
8639352
7280418
602999
7452364
4913645
2588329
737333
2662423
319343
3888744
34327
1879344
6500269
5116195
4008906
7532906
2036946
2955594
5535029
8307266
6711631
6035854
2091604
3028834
5620793
8680641
1137521
2391540
8869299
4039400
7927472
7252455
5437846
6567410
4992105
7945295
2863408
8911370
9183770
2808700
4296895
4859385
4163291
8181693
343437
5975355
8399293
4421483
5419156
8151344
6236021
4908406
3085383
4728236
6701346
8037961
6208210
8810626
6540879
1474314
10026720
2923016
752632
5190246
8306420
1009734
2787494
6900622
5742872
5056959
5772627
7565980
214830
6582072
8253391
2919815
2848294
9587253
2197829
5007350
4633758
4556700
5855782
1948495
2587212
3582344
7051961
5322133
7349276
666958
3949858
5117441
1078376
4725937
3604674
8716270
7895594
2321482
9765258
6019106
29391
5463270
1829681
2351105
7242971
394419
4344175
5811696
1540276
6064371
2137746
4068469
673175
3761128
5303846
7415423
7753683
7663952
2542271
2205706
4345072
4369895
7840206
3930450
3108726
3621760
6290503
2970966
413744
5633806
1387647
42436
3267212
7635077
8086170
6130111
2987720
3614802
4453511
2786882
8202647
2078753
6348446
1148039
1215661
2326983
5003718
8860078
640095
4174745
5067541
1246861
3835963
743359
29093
9591539
925107
2208003
7749964
874217
8526252
3425471
6285011
4277332
6799520
9553227
6795638
3637459
7667084
5796528
9298605
6698557
1470873
2992814
390992
3339769
966309
2791558
5488945
804993
1756640
3231580
8073801
8292600
9778659
7995232
4465550
1113268
8036468
3801640
765847
3140938
394835
6021136
3672373
88113
1051229
6234398
1054538
6802856
534217
1365037
6802488
5363920
1277750
2645234
5640514
5928025
4822272
1014954
2578319
6113961
8635626
3591506
4890080
2599096
9508858
5733020
843499
7349084
3269227
88730
477301
5177569
466208
4197317
6026598
4904941
6660695
555295
1706658
3345522
8462479
2227452
9424280
4489187
4397631
256436
6231804
3281354
6104705
7215415
329130
4970755
6286331
5452254
323021
7482803
403794
126119
1071753
6274286
100338
7061261
4016542
5476223
86107
625983
5545717
3604359
2394184
503017
5111838
6791246
2455745
7446786
3403096
944613
3726098
1150638
8312201
4388009
522712
9780830
148811
4172534
3585638
2513706
9211882
89496
122102
3147305
6995935
3506031
2682670
2218982
2484797
5217161
920331
3992818
6156159
5750003
1569277
719360
2055462
806902
823525
700221
3971522
689321
4857344
8718284
2802832
5725498
5045264
2550526
8657916
5898051
302692
61335
3555224
1371614
788026
2328616
3628271
5004212
8241330
954813
1342070
6250340
6366777
8440425
48390
797460
218822
4162038
7619413
6120014
5328959
2726449
2823385
6776817
4003835
10331293
5062696
6036
3254079
7974849
848463
8504042
9810926
3077895
889798
2986034
5452002
5879787
4927301
2896737
2717805
4243787
6598333
3833234
333264
8890546
3832655
3187832
4519356
2210026
7937944
4315793
4682021
2276292
201821
3326253
3539301
2096040
1217580
5830184
1261388
2052097
4484222
5567565
4488714
4829777
301488
9153909
3735854
2048291
1611851
5486007
1838361
3953304
4308862
1814627
5660479
8611940
1901487
9634660
4935879
200189
6032328
5453321
5323585
5685982
6988097
2284434
1293155
8760025
7957489
6051147
3397444
4043346
1430768
2314478
105513
4435042
4777251
1528088
860159
2320247
1039880
3218505
156067
2056479
1108526
9674201
7986726
774489
1692013
9595604
2295319
873408
4194378
7880559
158883
2426972
4754685
8806269
589665
7355170
583391
7037391
4889395
3050888
3764502
2738113
7458210
37923
680275
7641529
43501
511748
10226289
553926
3155638
4396618
3892243
4318458
4320781
6357432
3918015
4752105
8145913
247428
4586469
2969792
7637182
997082
5453323
3473306
8552608
3656842
2934047
8996912
5368589
5616435
7053036
5833039
2162190
7924313
144317
5502848
4624627
4359757
6858718
4102134
4228768
1229784
4819480
5570263
3073963
2510139
4764957
8288839
6411419
674653
10055115
6380170
8500395
9560405
8735481
1845931
7598377
2156083
3164981
1728708
4528048
2191394
6432749
2474524
2866573
6917704
7302060
1591228
1600126
4531878
2422066
418898
2075573
1786545
2044135
1053715
1114102
5652620
5404836
6612297
4449190
2808535
2463001
2558087
4590213
7528186
6365882
3634739
2979367
83958
398591
561751
3894610
3630199
975261
6706654
4482132
4111448
1654164
81618
8933974
7044403
4822135
5418307
1045665
4075670
8464072
5353913
5222005
1215156
7643353
2892148
2542081
6581467
9353246
5017204
1554332
3307543
9109186
9332394
7554654
8204041
7422134
7356713
4628052
8503138
5544778
4426640
7835244
8168876
8892430
2337643
4104742
6627120
3623277
9114920
883594
5350453
3132897
5621737
24732
2161868
569244
3214032
1553383
5275357
8922611
6996654
1114584
8146033
1376398
567095
9202312
9009652
1174425
4711736
3247182
5120879
5192190
6834573
876934
489313
1733207
5438818
2366621
6040233
4621729
952901
1971977
751025
1391855
661741
2213539
3178963
6508028
500974
6200714
6593414
2050709
5635890
11356
7134084
7661317
6595169
662104
3950915
6954586
8036619
7008965
8780266
10162365
570629
6500168
7734125
209435
2045041
6421419
7851886
5048663
205323
71519
8442206
7729917
110959
4708908
5680075
6839237
2023635
7204871
9460168
120461
3564321
521420
6685928
3284637
1197824
1509047
464439
2302613
1158889
6692964
3634236
41747
1684050
4423366
7302984
4531596
9273702
6503252
5995324
652259
8744065
3731082
9485237
6256087
8889260
1793063
1184486
7167594
8589212
4651315
1725449
5237889
4631702
3114440
5411640
2166491
676255
5249105
6915117
2288899
7925284
8913032
8823387
2127645
289586
235357
3078760
1897403
5036988
2961121
5995264
9428579
5897645
4907262
1346326
7660329
4450757
4565520
9120649
2304936
5852117
10346149
9526057
5805401
9708660
2613947
2870688
2347570
3740146
4498228
1762144
4422396
8246532
4754144
365568
2347029
3374927
161247
9518210
7681120
7621137
8733117
5844530
196810
4531984
331582
3622395
2304909
690804
2592865
1158804
3762684
5951774
7556547
8421359
6851098
4372736
679823
216755
112718
5613913
5979799
5222770
5433537
6249598
3394139
953412
2122408
112066
2995078
1393965
6316738
3740486
995207
7768159
5368588
639444
8672939
8801801
6496405
4256287
5621436
2949124
717022
784960
1392722
7955348
1455709
668083
5533667
5098738
8163
4246951
4919565
3248118
5688357
2198331
6585332
4769539
3223863
661100
2286006
2812660
1477160
3972955
1701949
5518773
4303575
5215638
3472059
9475630
10011082
259110
2176410
8066918
1458984
917749
10098862
481489
9440460
7768558
3032343
2549261
1407349
218473
2894986
6853185
3251687
1565978
2074290
464762
1617013
2126664
7995
5071117
6758833
9183234
4091630
756698
7227071
3775566
7025315
6261449
676036
202290
4210710
7776342
8751666
8050517
10133659
1694657
632719
2859642
7018350
4790187
2302636
5073112
6598488
8362408
3919435
3396459
1404159
6181558
8501274
6943322
4189549
8975844
2456728
4143793
4897062
3874210
6391082
232952
7127242
9715211
4852749
2411001
8468656
1966994
3966340
1423804
7064248
3246937
3936511
6920891
1504810
2832647
5202221
5488707
2927648
2192227
2876371
1666299
3095468
1388832
110538
258166
3751862
2098389
4466513
1203599
8186265
745804
6920804
370763
4309421
3566581
5081665
9109766
2469538
2170130
43919
7947912
585077
194543
242682
5894359
880477
2189278
569030
1876299
468565
2344020
1508456
2488349
362923
4265397
4887092
3621360
1262756
1025727
5890187
4826618
1833962
273352
2411045
4584784
6467372
4088056
4500820
676752
3776408
9781733
6582150
7780878
8112522
1315915
166350
8171428
5130017
1092213
5290766
3689430
7333779
1413109
1734146
4977371
6250851
9538064
1108875
1723558
6187462
709645
2496180
7028649
261767
280145
1076059
4004974
178939
339828
8484172
6679056
257775
1057076
6043803
6004737
2251085
811698
3725515
5951083
1995013
7543806
5525804
7116914
563152
1654328
2666117
5052962
6397959
8730577
1388220
4110043
3542150
74943
448103
325629
8869573
1881708
2592390
241935
7075546
1872551
5830229
7227501
2158019
8291976
438104
908355
1942372
2120275
9495756
329497
9016462
2769537
4384920
1861099
5499144
1516791
9802930
5073320
776382
7776265
739146
798392
3653086
1796174
3133915
3099498
6773418
153572
40264
2065253
40514
2232812
5765306
9210439
7483267
4459813
4476303
7644157
8647860
591843
3829709
2235089
4695962
2251096
2890257
1865062
1525697
1614157
7420936
1217129
