1
19
849905364703000879
849905364703000704
83322818300333431
83322818300326967
849905364702996837
849905364702921006
849905364702998995
849905364703000704
849905364703000699
849905364702998967
849905364703000558
1600
19439
1179233
1180889
29309
181
27301
27255
68201
20225
20514
8
1
5
624
233727
101434
599
2840
172
3168
42575
215
459816
23042
1
1
1
143
28737
5999
632
78
28858
34994
243082
1564
3139
2417
253
261
342016
248136
42238954
34289526
37226
108
2560
212014127
13202993
451244
310434
289407
23918
405822
6905
278382
152705
343602
233679
18910
99090
2731
229558
340204
4632171585
7214534035092
10129659185
510237301312
683782721753
